# JRE version: Java(TM) SE Runtime Environment (8.0_144-b01) (build 1.8.0_144-b01)
# Java VM: Java HotSpot(TM) 64-Bit Server VM (25.144-b01 mixed mode bsd-amd64 compressed oops)
Heap:
 PSYoungGen      total 252416K, used 233012K [0x00000007b0000000, 0x00000007c0000000, 0x00000007c0000000)
  eden space 244736K, 92% used [0x00000007b0000000,0x00000007bdc5d1f8,0x00000007bef00000)
  from space 7680K, 95% used [0x00000007bef00000,0x00000007bf62fef8,0x00000007bf680000)
  to   space 9216K, 0% used [0x00000007bf700000,0x00000007bf700000,0x00000007c0000000)
 ParOldGen       total 524288K, used 129118K [0x0000000790000000, 0x00000007b0000000, 0x00000007b0000000)
  object space 524288K, 24% used [0x0000000790000000,0x0000000797e17b48,0x00000007b0000000)
 Metaspace       used 86369K, capacity 92624K, committed 98600K, reserved 1132544K
  class space    used 11346K, capacity 13189K, committed 14768K, reserved 1048576K
GC Heap History (10 events):
Event: 10133.192 GC heap before
{Heap before GC invocations=223 (full 3):
 PSYoungGen      total 254976K, used 254538K [0x00000007b0000000, 0x00000007c0000000, 0x00000007c0000000)
  eden space 249856K, 100% used [0x00000007b0000000,0x00000007bf400000,0x00000007bf400000)
  from space 5120K, 91% used [0x00000007bf400000,0x00000007bf892a60,0x00000007bf900000)
  to   space 6656K, 0% used [0x00000007bf980000,0x00000007bf980000,0x00000007c0000000)
 ParOldGen       total 524288K, used 177077K [0x0000000790000000, 0x00000007b0000000, 0x00000007b0000000)
  object space 524288K, 33% used [0x0000000790000000,0x000000079aced520,0x00000007b0000000)
 Metaspace       used 89244K, capacity 98106K, committed 98216K, reserved 1132544K
  class space    used 12218K, capacity 14678K, committed 14768K, reserved 1048576K
Event: 10133.202 GC heap after
Heap after GC invocations=223 (full 3):
 PSYoungGen      total 254464K, used 5561K [0x00000007b0000000, 0x00000007c0000000, 0x00000007c0000000)
  eden space 247808K, 0% used [0x00000007b0000000,0x00000007b0000000,0x00000007bf200000)
  from space 6656K, 83% used [0x00000007bf980000,0x00000007bfeee750,0x00000007c0000000)
  to   space 7168K, 0% used [0x00000007bf200000,0x00000007bf200000,0x00000007bf900000)
 ParOldGen       total 524288K, used 177085K [0x0000000790000000, 0x00000007b0000000, 0x00000007b0000000)
  object space 524288K, 33% used [0x0000000790000000,0x000000079acef520,0x00000007b0000000)
 Metaspace       used 89244K, capacity 98106K, committed 98216K, reserved 1132544K
  class space    used 12218K, capacity 14678K, committed 14768K, reserved 1048576K
}
Event: 10136.466 GC heap before
{Heap before GC invocations=224 (full 3):
 PSYoungGen      total 254464K, used 253285K [0x00000007b0000000, 0x00000007c0000000, 0x00000007c0000000)
  eden space 247808K, 99% used [0x00000007b0000000,0x00000007bf1eb048,0x00000007bf200000)
  from space 6656K, 83% used [0x00000007bf980000,0x00000007bfeee750,0x00000007c0000000)
  to   space 7168K, 0% used [0x00000007bf200000,0x00000007bf200000,0x00000007bf900000)
 ParOldGen       total 524288K, used 177085K [0x0000000790000000, 0x00000007b0000000, 0x00000007b0000000)
  object space 524288K, 33% used [0x0000000790000000,0x000000079acef520,0x00000007b0000000)
 Metaspace       used 89656K, capacity 98518K, committed 98600K, reserved 1132544K
  class space    used 12276K, capacity 14754K, committed 14768K, reserved 1048576K
Event: 10136.484 GC heap after
Heap after GC invocations=224 (full 3):
 PSYoungGen      total 254976K, used 6889K [0x00000007b0000000, 0x00000007c0000000, 0x00000007c0000000)
  eden space 247808K, 0% used [0x00000007b0000000,0x00000007b0000000,0x00000007bf200000)
  from space 7168K, 96% used [0x00000007bf200000,0x00000007bf8ba488,0x00000007bf900000)
  to   space 7168K, 0% used [0x00000007bf900000,0x00000007bf900000,0x00000007c0000000)
 ParOldGen       total 524288K, used 177405K [0x0000000790000000, 0x00000007b0000000, 0x00000007b0000000)
  object space 524288K, 33% used [0x0000000790000000,0x000000079ad3f520,0x00000007b0000000)
 Metaspace       used 89656K, capacity 98518K, committed 98600K, reserved 1132544K
  class space    used 12276K, capacity 14754K, committed 14768K, reserved 1048576K
}
Event: 10254.288 GC heap before
{Heap before GC invocations=225 (full 3):
 PSYoungGen      total 254976K, used 42168K [0x00000007b0000000, 0x00000007c0000000, 0x00000007c0000000)
  eden space 247808K, 14% used [0x00000007b0000000,0x00000007b2273f20,0x00000007bf200000)
  from space 7168K, 96% used [0x00000007bf200000,0x00000007bf8ba488,0x00000007bf900000)
  to   space 7168K, 0% used [0x00000007bf900000,0x00000007bf900000,0x00000007c0000000)
 ParOldGen       total 524288K, used 177405K [0x0000000790000000, 0x00000007b0000000, 0x00000007b0000000)
  object space 524288K, 33% used [0x0000000790000000,0x000000079ad3f520,0x00000007b0000000)
 Metaspace       used 89732K, capacity 98582K, committed 98600K, reserved 1132544K
  class space    used 12283K, capacity 14754K, committed 14768K, reserved 1048576K
Event: 10254.312 GC heap after
Heap after GC invocations=225 (full 3):
 PSYoungGen      total 251904K, used 6822K [0x00000007b0000000, 0x00000007c0000000, 0x00000007c0000000)
  eden space 244736K, 0% used [0x00000007b0000000,0x00000007b0000000,0x00000007bef00000)
  from space 7168K, 95% used [0x00000007bf900000,0x00000007bffa99e0,0x00000007c0000000)
  to   space 8704K, 0% used [0x00000007bef00000,0x00000007bef00000,0x00000007bf780000)
 ParOldGen       total 524288K, used 177429K [0x0000000790000000, 0x00000007b0000000, 0x00000007b0000000)
  object space 524288K, 33% used [0x0000000790000000,0x000000079ad45520,0x00000007b0000000)
 Metaspace       used 89732K, capacity 98582K, committed 98600K, reserved 1132544K
  class space    used 12283K, capacity 14754K, committed 14768K, reserved 1048576K
}
Event: 10254.312 GC heap before
{Heap before GC invocations=226 (full 4):
 PSYoungGen      total 251904K, used 6822K [0x00000007b0000000, 0x00000007c0000000, 0x00000007c0000000)
  eden space 244736K, 0% used [0x00000007b0000000,0x00000007b0000000,0x00000007bef00000)
  from space 7168K, 95% used [0x00000007bf900000,0x00000007bffa99e0,0x00000007c0000000)
  to   space 8704K, 0% used [0x00000007bef00000,0x00000007bef00000,0x00000007bf780000)
 ParOldGen       total 524288K, used 177429K [0x0000000790000000, 0x00000007b0000000, 0x00000007b0000000)
  object space 524288K, 33% used [0x0000000790000000,0x000000079ad45520,0x00000007b0000000)
 Metaspace       used 89732K, capacity 98582K, committed 98600K, reserved 1132544K
  class space    used 12283K, capacity 14754K, committed 14768K, reserved 1048576K
Event: 10256.729 GC heap after
Heap after GC invocations=226 (full 4):
 PSYoungGen      total 251904K, used 0K [0x00000007b0000000, 0x00000007c0000000, 0x00000007c0000000)
  eden space 244736K, 0% used [0x00000007b0000000,0x00000007b0000000,0x00000007bef00000)
  from space 7168K, 0% used [0x00000007bf900000,0x00000007bf900000,0x00000007c0000000)
  to   space 8704K, 0% used [0x00000007bef00000,0x00000007bef00000,0x00000007bf780000)
 ParOldGen       total 524288K, used 129118K [0x0000000790000000, 0x00000007b0000000, 0x00000007b0000000)
  object space 524288K, 24% used [0x0000000790000000,0x0000000797e17b48,0x00000007b0000000)
 Metaspace       used 85774K, capacity 91778K, committed 98600K, reserved 1132544K
  class space    used 11292K, capacity 13117K, committed 14768K, reserved 1048576K
}
Event: 10264.823 GC heap before
{Heap before GC invocations=227 (full 4):
 PSYoungGen      total 251904K, used 244736K [0x00000007b0000000, 0x00000007c0000000, 0x00000007c0000000)
  eden space 244736K, 100% used [0x00000007b0000000,0x00000007bef00000,0x00000007bef00000)
  from space 7168K, 0% used [0x00000007bf900000,0x00000007bf900000,0x00000007c0000000)
  to   space 8704K, 0% used [0x00000007bef00000,0x00000007bef00000,0x00000007bf780000)
 ParOldGen       total 524288K, used 129118K [0x0000000790000000, 0x00000007b0000000, 0x00000007b0000000)
  object space 524288K, 24% used [0x0000000790000000,0x0000000797e17b48,0x00000007b0000000)
 Metaspace       used 86351K, capacity 92582K, committed 98600K, reserved 1132544K
  class space    used 11342K, capacity 13181K, committed 14768K, reserved 1048576K
Event: 10264.843 GC heap after
Heap after GC invocations=227 (full 4):
 PSYoungGen      total 252416K, used 7359K [0x00000007b0000000, 0x00000007c0000000, 0x00000007c0000000)
  eden space 244736K, 0% used [0x00000007b0000000,0x00000007b0000000,0x00000007bef00000)
  from space 7680K, 95% used [0x00000007bef00000,0x00000007bf62fef8,0x00000007bf680000)
  to   space 9216K, 0% used [0x00000007bf700000,0x00000007bf700000,0x00000007c0000000)
 ParOldGen       total 524288K, used 129118K [0x0000000790000000, 0x00000007b0000000, 0x00000007b0000000)
  object space 524288K, 24% used [0x0000000790000000,0x0000000797e17b48,0x00000007b0000000)
 Metaspace       used 86351K, capacity 92582K, committed 98600K, reserved 1132544K
  class space    used 11342K, capacity 13181K, committed 14768K, reserved 1048576K
}

