# JRE version: Java(TM) SE Runtime Environment (8.0_144-b01) (build 1.8.0_144-b01)
# Java VM: Java HotSpot(TM) 64-Bit Server VM (25.144-b01 mixed mode bsd-amd64 compressed oops)
Heap:
 PSYoungGen      total 229888K, used 148620K [0x00000007b0000000, 0x00000007c0000000, 0x00000007c0000000)
  eden space 196096K, 67% used [0x00000007b0000000,0x00000007b81c3f68,0x00000007bbf80000)
  from space 33792K, 46% used [0x00000007bdf00000,0x00000007bee5f480,0x00000007c0000000)
  to   space 32256K, 0% used [0x00000007bbf80000,0x00000007bbf80000,0x00000007bdf00000)
 ParOldGen       total 524288K, used 159254K [0x0000000790000000, 0x00000007b0000000, 0x00000007b0000000)
  object space 524288K, 30% used [0x0000000790000000,0x0000000799b85b88,0x00000007b0000000)
 Metaspace       used 85239K, capacity 91151K, committed 91304K, reserved 1128448K
  class space    used 10681K, capacity 12386K, committed 12456K, reserved 1048576K
GC Heap History (10 events):
Event: 763.198 GC heap before
{Heap before GC invocations=67 (full 3):
 PSYoungGen      total 224256K, used 201379K [0x00000007b0000000, 0x00000007c0000000, 0x00000007c0000000)
  eden space 186880K, 100% used [0x00000007b0000000,0x00000007bb680000,0x00000007bb680000)
  from space 37376K, 38% used [0x00000007bb680000,0x00000007bc4a8da8,0x00000007bdb00000)
  to   space 36864K, 0% used [0x00000007bdc00000,0x00000007bdc00000,0x00000007c0000000)
 ParOldGen       total 524288K, used 150796K [0x0000000790000000, 0x00000007b0000000, 0x00000007b0000000)
  object space 524288K, 28% used [0x0000000790000000,0x0000000799343268,0x00000007b0000000)
 Metaspace       used 81169K, capacity 86961K, committed 87208K, reserved 1124352K
  class space    used 10465K, capacity 12137K, committed 12200K, reserved 1048576K
Event: 763.215 GC heap after
Heap after GC invocations=67 (full 3):
 PSYoungGen      total 225792K, used 14319K [0x00000007b0000000, 0x00000007c0000000, 0x00000007c0000000)
  eden space 188928K, 0% used [0x00000007b0000000,0x00000007b0000000,0x00000007bb880000)
  from space 36864K, 38% used [0x00000007bdc00000,0x00000007be9fbc58,0x00000007c0000000)
  to   space 36352K, 0% used [0x00000007bb880000,0x00000007bb880000,0x00000007bdc00000)
 ParOldGen       total 524288K, used 150844K [0x0000000790000000, 0x00000007b0000000, 0x00000007b0000000)
  object space 524288K, 28% used [0x0000000790000000,0x000000079934f268,0x00000007b0000000)
 Metaspace       used 81169K, capacity 86961K, committed 87208K, reserved 1124352K
  class space    used 10465K, capacity 12137K, committed 12200K, reserved 1048576K
}
Event: 816.778 GC heap before
{Heap before GC invocations=68 (full 3):
 PSYoungGen      total 225792K, used 203247K [0x00000007b0000000, 0x00000007c0000000, 0x00000007c0000000)
  eden space 188928K, 100% used [0x00000007b0000000,0x00000007bb880000,0x00000007bb880000)
  from space 36864K, 38% used [0x00000007bdc00000,0x00000007be9fbc58,0x00000007c0000000)
  to   space 36352K, 0% used [0x00000007bb880000,0x00000007bb880000,0x00000007bdc00000)
 ParOldGen       total 524288K, used 150844K [0x0000000790000000, 0x00000007b0000000, 0x00000007b0000000)
  object space 524288K, 28% used [0x0000000790000000,0x000000079934f268,0x00000007b0000000)
 Metaspace       used 81176K, capacity 86967K, committed 87208K, reserved 1124352K
  class space    used 10465K, capacity 12138K, committed 12200K, reserved 1048576K
Event: 816.811 GC heap after
Heap after GC invocations=68 (full 3):
 PSYoungGen      total 225280K, used 15100K [0x00000007b0000000, 0x00000007c0000000, 0x00000007c0000000)
  eden space 188928K, 0% used [0x00000007b0000000,0x00000007b0000000,0x00000007bb880000)
  from space 36352K, 41% used [0x00000007bb880000,0x00000007bc73f2d0,0x00000007bdc00000)
  to   space 35328K, 0% used [0x00000007bdd80000,0x00000007bdd80000,0x00000007c0000000)
 ParOldGen       total 524288K, used 150876K [0x0000000790000000, 0x00000007b0000000, 0x00000007b0000000)
  object space 524288K, 28% used [0x0000000790000000,0x0000000799357268,0x00000007b0000000)
 Metaspace       used 81176K, capacity 86967K, committed 87208K, reserved 1124352K
  class space    used 10465K, capacity 12138K, committed 12200K, reserved 1048576K
}
Event: 847.717 GC heap before
{Heap before GC invocations=69 (full 3):
 PSYoungGen      total 225280K, used 204028K [0x00000007b0000000, 0x00000007c0000000, 0x00000007c0000000)
  eden space 188928K, 100% used [0x00000007b0000000,0x00000007bb880000,0x00000007bb880000)
  from space 36352K, 41% used [0x00000007bb880000,0x00000007bc73f2d0,0x00000007bdc00000)
  to   space 35328K, 0% used [0x00000007bdd80000,0x00000007bdd80000,0x00000007c0000000)
 ParOldGen       total 524288K, used 150876K [0x0000000790000000, 0x00000007b0000000, 0x00000007b0000000)
  object space 524288K, 28% used [0x0000000790000000,0x0000000799357268,0x00000007b0000000)
 Metaspace       used 82921K, capacity 88787K, committed 89128K, reserved 1126400K
  class space    used 10557K, capacity 12243K, committed 12328K, reserved 1048576K
Event: 847.740 GC heap after
Heap after GC invocations=69 (full 3):
 PSYoungGen      total 228352K, used 17086K [0x00000007b0000000, 0x00000007c0000000, 0x00000007c0000000)
  eden space 193024K, 0% used [0x00000007b0000000,0x00000007b0000000,0x00000007bbc80000)
  from space 35328K, 48% used [0x00000007bdd80000,0x00000007bee2fa20,0x00000007c0000000)
  to   space 33792K, 0% used [0x00000007bbc80000,0x00000007bbc80000,0x00000007bdd80000)
 ParOldGen       total 524288K, used 151060K [0x0000000790000000, 0x00000007b0000000, 0x00000007b0000000)
  object space 524288K, 28% used [0x0000000790000000,0x0000000799385268,0x00000007b0000000)
 Metaspace       used 82921K, capacity 88787K, committed 89128K, reserved 1126400K
  class space    used 10557K, capacity 12243K, committed 12328K, reserved 1048576K
}
Event: 848.560 GC heap before
{Heap before GC invocations=70 (full 3):
 PSYoungGen      total 228352K, used 210110K [0x00000007b0000000, 0x00000007c0000000, 0x00000007c0000000)
  eden space 193024K, 100% used [0x00000007b0000000,0x00000007bbc80000,0x00000007bbc80000)
  from space 35328K, 48% used [0x00000007bdd80000,0x00000007bee2fa20,0x00000007c0000000)
  to   space 33792K, 0% used [0x00000007bbc80000,0x00000007bbc80000,0x00000007bdd80000)
 ParOldGen       total 524288K, used 151060K [0x0000000790000000, 0x00000007b0000000, 0x00000007b0000000)
  object space 524288K, 28% used [0x0000000790000000,0x0000000799385268,0x00000007b0000000)
 Metaspace       used 83746K, capacity 89611K, committed 89896K, reserved 1126400K
  class space    used 10600K, capacity 12280K, committed 12328K, reserved 1048576K
Event: 848.596 GC heap after
Heap after GC invocations=70 (full 3):
 PSYoungGen      total 226816K, used 12834K [0x00000007b0000000, 0x00000007c0000000, 0x00000007c0000000)
  eden space 193024K, 0% used [0x00000007b0000000,0x00000007b0000000,0x00000007bbc80000)
  from space 33792K, 37% used [0x00000007bbc80000,0x00000007bc908b10,0x00000007bdd80000)
  to   space 33792K, 0% used [0x00000007bdf00000,0x00000007bdf00000,0x00000007c0000000)
 ParOldGen       total 524288K, used 159014K [0x0000000790000000, 0x00000007b0000000, 0x00000007b0000000)
  object space 524288K, 30% used [0x0000000790000000,0x0000000799b49b88,0x00000007b0000000)
 Metaspace       used 83746K, capacity 89611K, committed 89896K, reserved 1126400K
  class space    used 10600K, capacity 12280K, committed 12328K, reserved 1048576K
}
Event: 849.405 GC heap before
{Heap before GC invocations=71 (full 3):
 PSYoungGen      total 226816K, used 205858K [0x00000007b0000000, 0x00000007c0000000, 0x00000007c0000000)
  eden space 193024K, 100% used [0x00000007b0000000,0x00000007bbc80000,0x00000007bbc80000)
  from space 33792K, 37% used [0x00000007bbc80000,0x00000007bc908b10,0x00000007bdd80000)
  to   space 33792K, 0% used [0x00000007bdf00000,0x00000007bdf00000,0x00000007c0000000)
 ParOldGen       total 524288K, used 159014K [0x0000000790000000, 0x00000007b0000000, 0x00000007b0000000)
  object space 524288K, 30% used [0x0000000790000000,0x0000000799b49b88,0x00000007b0000000)
 Metaspace       used 84704K, capacity 90551K, committed 90664K, reserved 1128448K
  class space    used 10644K, capacity 12314K, committed 12328K, reserved 1048576K
Event: 849.428 GC heap after
Heap after GC invocations=71 (full 3):
 PSYoungGen      total 229888K, used 15741K [0x00000007b0000000, 0x00000007c0000000, 0x00000007c0000000)
  eden space 196096K, 0% used [0x00000007b0000000,0x00000007b0000000,0x00000007bbf80000)
  from space 33792K, 46% used [0x00000007bdf00000,0x00000007bee5f480,0x00000007c0000000)
  to   space 32256K, 0% used [0x00000007bbf80000,0x00000007bbf80000,0x00000007bdf00000)
 ParOldGen       total 524288K, used 159254K [0x0000000790000000, 0x00000007b0000000, 0x00000007b0000000)
  object space 524288K, 30% used [0x0000000790000000,0x0000000799b85b88,0x00000007b0000000)
 Metaspace       used 84704K, capacity 90551K, committed 90664K, reserved 1128448K
  class space    used 10644K, capacity 12314K, committed 12328K, reserved 1048576K
}

